GROUP,PACKAGE,CLASS,INSTRUCTION_MISSED,INSTRUCTION_COVERED,BRANCH_MISSED,BRANCH_COVERED,LINE_MISSED,LINE_COVERED,COMPLEXITY_MISSED,COMPLEXITY_COVERED,METHOD_MISSED,METHOD_COVERED
data-structure,com.nju.edu.tree,BinaryNode,0,24,0,0,0,9,0,3,0,3
data-structure,com.nju.edu.tree,BinaryTree,74,70,8,4,23,23,7,8,3,6
data-structure,com.nju.edu.tree,MakeTree,0,120,0,10,0,31,0,9,0,4
data-structure,com.nju.edu.graph,Graph.Edge,0,12,0,0,0,2,0,2,0,2
data-structure,com.nju.edu.graph,MST,35,135,2,20,4,27,2,13,1,3
data-structure,com.nju.edu.graph,Graph.subset,0,6,0,0,0,1,0,1,0,1
data-structure,com.nju.edu.graph,Graph,6,256,1,19,1,45,1,13,0,4
data-structure,com.nju.edu.list,MyLinkedList.ListNode,0,24,0,0,0,8,0,3,0,3
data-structure,com.nju.edu.list,MyLinkedList,4,203,5,23,2,55,5,15,0,6
data-structure,com.nju.edu.list,ListNode,5,14,0,0,2,6,1,2,1,2
data-structure,com.nju.edu.list,Joseph,0,85,0,6,0,21,0,6,0,3
